#
# There is insufficient memory for the Java Runtime Environment to continue.
# Native memory allocation (malloc) failed to allocate 32744 bytes for ChunkPool::allocate
# Possible reasons:
#   The system is out of physical RAM or swap space
#   In 32 bit mode, the process size limit was hit
# Possible solutions:
#   Reduce memory load on the system
#   Increase physical memory or swap space
#   Check if swap backing store is full
#   Use 64 bit Java on a 64 bit OS
#   Decrease Java heap size (-Xmx/-Xms)
#   Decrease number of Java threads
#   Decrease Java thread stack sizes (-Xss)
#   Set larger code cache with -XX:ReservedCodeCacheSize=
# This output file may be truncated or incomplete.
#
#  Out of Memory Error (allocation.cpp:273), pid=4336, tid=0x0000000000001f6c
#
# JRE version: Java(TM) SE Runtime Environment (8.0_152-b16) (build 1.8.0_152-b16)
# Java VM: Java HotSpot(TM) 64-Bit Server VM (25.152-b16 mixed mode windows-amd64 compressed oops)
# Failed to write core dump. Minidumps are not enabled by default on client versions of Windows
#

---------------  T H R E A D  ---------------

Current thread (0x00000000178cd800):  JavaThread "C1 CompilerThread2" daemon [_thread_in_native, id=8044, stack(0x00000000194b0000,0x00000000195b0000)]

Stack: [0x00000000194b0000,0x00000000195b0000]
[error occurred during error reporting (printing stack bounds), id 0xc0000005]

Native frames: (J=compiled Java code, j=interpreted, Vv=VM code, C=native code)


Current CompileTask:
C1:  12135 2629       3       org.apache.xmlbeans.impl.schema.SchemaTypeImpl::createBuiltinInstance (618 bytes)


---------------  P R O C E S S  ---------------

Java Threads: ( => current thread )
  0x000000001a5df800 JavaThread "Okio Watchdog" daemon [_thread_blocked, id=15420, stack(0x000000001c7c0000,0x000000001c8c0000)]
  0x000000001a5de800 JavaThread "OkHttp ConnectionPool" daemon [_thread_blocked, id=6248, stack(0x000000001c6c0000,0x000000001c7c0000)]
  0x000000001a5cc800 JavaThread "Exec Stream Pumper" daemon [_thread_in_native, id=7616, stack(0x000000001c2c0000,0x000000001c3c0000)]
  0x000000001a5cc000 JavaThread "Exec Stream Pumper" daemon [_thread_in_native, id=17400, stack(0x000000001c1c0000,0x000000001c2c0000)]
  0x000000001a41c000 JavaThread "UrlChecker-2" daemon [_thread_blocked, id=3820, stack(0x000000001c0c0000,0x000000001c1c0000)]
  0x000000001a489800 JavaThread "Exec Default Executor" daemon [_thread_in_native, id=8400, stack(0x000000001bfc0000,0x000000001c0c0000)]
  0x0000000019b86800 JavaThread "ReaderThread" [_thread_in_native, id=1296, stack(0x000000001b4c0000,0x000000001b5c0000)]
  0x00000000190f6000 JavaThread "Service Thread" daemon [_thread_blocked, id=11080, stack(0x00000000195b0000,0x00000000196b0000)]
=>0x00000000178cd800 JavaThread "C1 CompilerThread2" daemon [_thread_in_native, id=8044, stack(0x00000000194b0000,0x00000000195b0000)]
  0x0000000017884800 JavaThread "C2 CompilerThread1" daemon [_thread_in_native, id=17596, stack(0x0000000018fb0000,0x00000000190b0000)]
  0x0000000017875000 JavaThread "C2 CompilerThread0" daemon [_thread_in_native, id=14256, stack(0x0000000018eb0000,0x0000000018fb0000)]
  0x0000000017873800 JavaThread "Attach Listener" daemon [_thread_blocked, id=5976, stack(0x0000000018db0000,0x0000000018eb0000)]
  0x0000000017872000 JavaThread "Signal Dispatcher" daemon [_thread_blocked, id=12512, stack(0x0000000018cb0000,0x0000000018db0000)]
  0x0000000017860000 JavaThread "Finalizer" daemon [_thread_blocked, id=11864, stack(0x0000000018ac0000,0x0000000018bc0000)]
  0x0000000002da6000 JavaThread "Reference Handler" daemon [_thread_blocked, id=11592, stack(0x00000000189c0000,0x0000000018ac0000)]
  0x0000000002cb5800 JavaThread "main" [_thread_in_Java, id=7636, stack(0x0000000002bb0000,0x0000000002cb0000)]

Other Threads:
  0x0000000017836800 VMThread [stack: 0x00000000188c0000,0x00000000189c0000] [id=15680]
  0x000000001910f000 WatcherThread [stack: 0x00000000196b0000,0x00000000197b0000] [id=16992]

VM state:not at safepoint (normal execution)

VM Mutex/Monitor currently owned by a thread: None

Heap:
 PSYoungGen      total 37888K, used 31939K [0x00000000d6180000, 0x00000000d8b80000, 0x0000000100000000)
  eden space 32768K, 97% used [0x00000000d6180000,0x00000000d80b0ef8,0x00000000d8180000)
  from space 5120K, 0% used [0x00000000d8180000,0x00000000d8180000,0x00000000d8680000)
  to   space 5120K, 0% used [0x00000000d8680000,0x00000000d8680000,0x00000000d8b80000)
 ParOldGen       total 70144K, used 8706K [0x0000000082400000, 0x0000000086880000, 0x00000000d6180000)
  object space 70144K, 12% used [0x0000000082400000,0x0000000082c80918,0x0000000086880000)
 Metaspace       used 24137K, capacity 24898K, committed 25216K, reserved 1071104K
  class space    used 2957K, capacity 3147K, committed 3200K, reserved 1048576K

Card table byte_map: [0x0000000012170000,0x0000000012560000] byte_map_base: 0x0000000011d5e000

Marking Bits: (ParMarkBitMap*) 0x000000006d8a0860
 Begin Bits: [0x0000000012c00000, 0x0000000014b70000)
 End Bits:   [0x0000000014b70000, 0x0000000016ae0000)

Polling page: 0x0000000000f10000

CodeCache: size=245760Kb used=8891Kb max_used=8891Kb free=236868Kb
 bounds [0x0000000002db0000, 0x0000000003670000, 0x0000000011db0000]
 total_blobs=3063 nmethods=2621 adapters=354
 compilation: enabled

Compilation events (10 events):
Event: 12.118 Thread 0x00000000178cd800 nmethod 2622 0x0000000003662a10 code [0x0000000003662b60, 0x0000000003662cb0]
Event: 12.118 Thread 0x00000000178cd800 2623       3       org.apache.xmlbeans.impl.store.Xobj::find_all_element_users (47 bytes)
Event: 12.119 Thread 0x00000000178cd800 nmethod 2623 0x0000000003662d50 code [0x0000000003662f00, 0x00000000036635e8]
Event: 12.119 Thread 0x00000000178cd800 2624       3       org.apache.xmlbeans.impl.values.XmlUnsignedIntImpl::<init> (9 bytes)
Event: 12.119 Thread 0x00000000178cd800 nmethod 2624 0x0000000003663810 code [0x00000000036639a0, 0x0000000003663d68]
Event: 12.120 Thread 0x00000000178cd800 2626   !   3       org.openxmlformats.schemas.spreadsheetml.x2006.main.impl.CTColImpl::getMin (51 bytes)
Event: 12.121 Thread 0x00000000178cd800 nmethod 2626 0x0000000003663f10 code [0x0000000003664160, 0x0000000003665398]
Event: 12.127 Thread 0x00000000178cd800 2628       3       java.lang.Long::parseLong (7 bytes)
Event: 12.127 Thread 0x00000000178cd800 nmethod 2628 0x0000000003665c50 code [0x0000000003665dc0, 0x0000000003665f28]
Event: 12.128 Thread 0x00000000178cd800 2629       3       org.apache.xmlbeans.impl.schema.SchemaTypeImpl::createBuiltinInstance (618 bytes)

GC Heap History (8 events):
Event: 1.321 GC heap before
{Heap before GC invocations=1 (full 0):
 PSYoungGen      total 37888K, used 32768K [0x00000000d6180000, 0x00000000d8b80000, 0x0000000100000000)
  eden space 32768K, 100% used [0x00000000d6180000,0x00000000d8180000,0x00000000d8180000)
  from space 5120K, 0% used [0x00000000d8680000,0x00000000d8680000,0x00000000d8b80000)
  to   space 5120K, 0% used [0x00000000d8180000,0x00000000d8180000,0x00000000d8680000)
 ParOldGen       total 86016K, used 0K [0x0000000082400000, 0x0000000087800000, 0x00000000d6180000)
  object space 86016K, 0% used [0x0000000082400000,0x0000000082400000,0x0000000087800000)
 Metaspace       used 11373K, capacity 11548K, committed 11904K, reserved 1060864K
  class space    used 1274K, capacity 1342K, committed 1408K, reserved 1048576K
Event: 1.327 GC heap after
Heap after GC invocations=1 (full 0):
 PSYoungGen      total 37888K, used 5114K [0x00000000d6180000, 0x00000000d8b80000, 0x0000000100000000)
  eden space 32768K, 0% used [0x00000000d6180000,0x00000000d6180000,0x00000000d8180000)
  from space 5120K, 99% used [0x00000000d8180000,0x00000000d867ea50,0x00000000d8680000)
  to   space 5120K, 0% used [0x00000000d8680000,0x00000000d8680000,0x00000000d8b80000)
 ParOldGen       total 86016K, used 506K [0x0000000082400000, 0x0000000087800000, 0x00000000d6180000)
  object space 86016K, 0% used [0x0000000082400000,0x000000008247ea48,0x0000000087800000)
 Metaspace       used 11373K, capacity 11548K, committed 11904K, reserved 1060864K
  class space    used 1274K, capacity 1342K, committed 1408K, reserved 1048576K
}
Event: 1.868 GC heap before
{Heap before GC invocations=2 (full 0):
 PSYoungGen      total 37888K, used 37882K [0x00000000d6180000, 0x00000000d8b80000, 0x0000000100000000)
  eden space 32768K, 100% used [0x00000000d6180000,0x00000000d8180000,0x00000000d8180000)
  from space 5120K, 99% used [0x00000000d8180000,0x00000000d867ea50,0x00000000d8680000)
  to   space 5120K, 0% used [0x00000000d8680000,0x00000000d8680000,0x00000000d8b80000)
 ParOldGen       total 86016K, used 506K [0x0000000082400000, 0x0000000087800000, 0x00000000d6180000)
  object space 86016K, 0% used [0x0000000082400000,0x000000008247ea48,0x0000000087800000)
 Metaspace       used 16689K, capacity 16870K, committed 17280K, reserved 1064960K
  class space    used 1980K, capacity 2065K, committed 2176K, reserved 1048576K
Event: 1.877 GC heap after
Heap after GC invocations=2 (full 0):
 PSYoungGen      total 37888K, used 5103K [0x00000000d6180000, 0x00000000d8b80000, 0x0000000100000000)
  eden space 32768K, 0% used [0x00000000d6180000,0x00000000d6180000,0x00000000d8180000)
  from space 5120K, 99% used [0x00000000d8680000,0x00000000d8b7bd20,0x00000000d8b80000)
  to   space 5120K, 0% used [0x00000000d8180000,0x00000000d8180000,0x00000000d8680000)
 ParOldGen       total 86016K, used 3773K [0x0000000082400000, 0x0000000087800000, 0x00000000d6180000)
  object space 86016K, 4% used [0x0000000082400000,0x00000000827af6a8,0x0000000087800000)
 Metaspace       used 16689K, capacity 16870K, committed 17280K, reserved 1064960K
  class space    used 1980K, capacity 2065K, committed 2176K, reserved 1048576K
}
Event: 3.041 GC heap before
{Heap before GC invocations=3 (full 0):
 PSYoungGen      total 37888K, used 30319K [0x00000000d6180000, 0x00000000d8b80000, 0x0000000100000000)
  eden space 32768K, 76% used [0x00000000d6180000,0x00000000d7a1ff18,0x00000000d8180000)
  from space 5120K, 99% used [0x00000000d8680000,0x00000000d8b7bd20,0x00000000d8b80000)
  to   space 5120K, 0% used [0x00000000d8180000,0x00000000d8180000,0x00000000d8680000)
 ParOldGen       total 86016K, used 3773K [0x0000000082400000, 0x0000000087800000, 0x00000000d6180000)
  object space 86016K, 4% used [0x0000000082400000,0x00000000827af6a8,0x0000000087800000)
 Metaspace       used 20687K, capacity 21220K, committed 21296K, reserved 1069056K
  class space    used 2503K, capacity 2666K, committed 2688K, reserved 1048576K
Event: 3.050 GC heap after
Heap after GC invocations=3 (full 0):
 PSYoungGen      total 37888K, used 5108K [0x00000000d6180000, 0x00000000d8b80000, 0x0000000100000000)
  eden space 32768K, 0% used [0x00000000d6180000,0x00000000d6180000,0x00000000d8180000)
  from space 5120K, 99% used [0x00000000d8180000,0x00000000d867d200,0x00000000d8680000)
  to   space 5120K, 0% used [0x00000000d8680000,0x00000000d8680000,0x00000000d8b80000)
 ParOldGen       total 86016K, used 7338K [0x0000000082400000, 0x0000000087800000, 0x00000000d6180000)
  object space 86016K, 8% used [0x0000000082400000,0x0000000082b2aa00,0x0000000087800000)
 Metaspace       used 20687K, capacity 21220K, committed 21296K, reserved 1069056K
  class space    used 2503K, capacity 2666K, committed 2688K, reserved 1048576K
}
Event: 3.050 GC heap before
{Heap before GC invocations=4 (full 1):
 PSYoungGen      total 37888K, used 5108K [0x00000000d6180000, 0x00000000d8b80000, 0x0000000100000000)
  eden space 32768K, 0% used [0x00000000d6180000,0x00000000d6180000,0x00000000d8180000)
  from space 5120K, 99% used [0x00000000d8180000,0x00000000d867d200,0x00000000d8680000)
  to   space 5120K, 0% used [0x00000000d8680000,0x00000000d8680000,0x00000000d8b80000)
 ParOldGen       total 86016K, used 7338K [0x0000000082400000, 0x0000000087800000, 0x00000000d6180000)
  object space 86016K, 8% used [0x0000000082400000,0x0000000082b2aa00,0x0000000087800000)
 Metaspace       used 20687K, capacity 21220K, committed 21296K, reserved 1069056K
  class space    used 2503K, capacity 2666K, committed 2688K, reserved 1048576K
Event: 3.114 GC heap after
Heap after GC invocations=4 (full 1):
 PSYoungGen      total 37888K, used 0K [0x00000000d6180000, 0x00000000d8b80000, 0x0000000100000000)
  eden space 32768K, 0% used [0x00000000d6180000,0x00000000d6180000,0x00000000d8180000)
  from space 5120K, 0% used [0x00000000d8180000,0x00000000d8180000,0x00000000d8680000)
  to   space 5120K, 0% used [0x00000000d8680000,0x00000000d8680000,0x00000000d8b80000)
 ParOldGen       total 70144K, used 8706K [0x0000000082400000, 0x0000000086880000, 0x00000000d6180000)
  object space 70144K, 12% used [0x0000000082400000,0x0000000082c80918,0x0000000086880000)
 Metaspace       used 20687K, capacity 21220K, committed 21296K, reserved 1069056K
  class space    used 2503K, capacity 2666K, committed 2688K, reserved 1048576K
}

Deoptimization events (10 events):
Event: 6.955 Thread 0x0000000002cb5800 Uncommon trap: reason=bimorphic action=maybe_recompile pc=0x000000000347dbb4 method=java.util.regex.Pattern$CharProperty.match(Ljava/util/regex/Matcher;ILjava/lang/CharSequence;)Z @ 37
Event: 6.955 Thread 0x0000000002cb5800 Uncommon trap: reason=bimorphic action=maybe_recompile pc=0x000000000347dbb4 method=java.util.regex.Pattern$CharProperty.match(Ljava/util/regex/Matcher;ILjava/lang/CharSequence;)Z @ 37
Event: 6.955 Thread 0x0000000002cb5800 Uncommon trap: reason=bimorphic action=maybe_recompile pc=0x000000000347dbb4 method=java.util.regex.Pattern$CharProperty.match(Ljava/util/regex/Matcher;ILjava/lang/CharSequence;)Z @ 37
Event: 6.973 Thread 0x0000000002cb5800 Uncommon trap: reason=class_check action=maybe_recompile pc=0x00000000030ebcbc method=java.io.FilterInputStream.read()I @ 4
Event: 6.973 Thread 0x0000000002cb5800 Uncommon trap: reason=class_check action=maybe_recompile pc=0x00000000030ebcbc method=java.io.FilterInputStream.read()I @ 4
Event: 6.973 Thread 0x0000000002cb5800 Uncommon trap: reason=class_check action=maybe_recompile pc=0x00000000030ebcbc method=java.io.FilterInputStream.read()I @ 4
Event: 6.973 Thread 0x0000000002cb5800 Uncommon trap: reason=class_check action=maybe_recompile pc=0x00000000030ebcbc method=java.io.FilterInputStream.read()I @ 4
Event: 6.978 Thread 0x0000000002cb5800 Uncommon trap: reason=unstable_if action=reinterpret pc=0x000000000329e36c method=java.lang.CharacterDataLatin1.digit(II)I @ 60
Event: 6.978 Thread 0x0000000002cb5800 Uncommon trap: reason=unstable_if action=reinterpret pc=0x00000000032a0364 method=java.lang.CharacterDataLatin1.digit(II)I @ 60
Event: 11.974 Thread 0x0000000002cb5800 Uncommon trap: reason=unstable_if action=reinterpret pc=0x0000000003510ba0 method=org.apache.xmlbeans.impl.store.Xobj.invalidateSpecialAttr(Lorg/apache/xmlbeans/impl/store/Xobj;)V @ 4

Classes redefined (0 events):
No events

Internal exceptions (10 events):
Event: 1.282 Thread 0x0000000002cb5800 Exception <a 'java/lang/NoSuchFieldError': method resolution failed> (0x00000000d801ad00) thrown at [C:\re\workspace\8-2-build-windows-amd64-cygwin\jdk8u152\9742\hotspot\src\share\vm\prims\methodHandles.cpp, line 1167]
Event: 1.284 Thread 0x0000000002cb5800 Exception <a 'java/lang/NoSuchFieldError': method resolution failed> (0x00000000d80283f0) thrown at [C:\re\workspace\8-2-build-windows-amd64-cygwin\jdk8u152\9742\hotspot\src\share\vm\prims\methodHandles.cpp, line 1167]
Event: 2.922 Thread 0x000000001a41c000 Exception <a 'java/net/SocketTimeoutException': connect timed out> (0x00000000d744da60) thrown at [C:\re\workspace\8-2-build-windows-amd64-cygwin\jdk8u152\9742\hotspot\src\share\vm\prims\jni.cpp, line 735]
Event: 2.974 Thread 0x0000000002cb5800 Exception <a 'java/lang/IncompatibleClassChangeError': Found class java.lang.Object, but interface was expected> (0x00000000d75f7da8) thrown at [C:\re\workspace\8-2-build-windows-amd64-cygwin\jdk8u152\9742\hotspot\src\share\vm\interpreter\linkResolver.cpp
Event: 2.976 Thread 0x0000000002cb5800 Exception <a 'java/lang/NoSuchMethodError': java.lang.Object.lambda$or$2(Ljava/util/function/Predicate;Ljava/lang/Object;)Z> (0x00000000d7605a88) thrown at [C:\re\workspace\8-2-build-windows-amd64-cygwin\jdk8u152\9742\hotspot\src\share\vm\interpreter\link
Event: 3.120 Thread 0x0000000002cb5800 Exception <a 'java/lang/NoSuchMethodError': java.lang.Object.lambda$chars$0()Ljava/util/Spliterator$OfInt;> (0x00000000d61aab18) thrown at [C:\re\workspace\8-2-build-windows-amd64-cygwin\jdk8u152\9742\hotspot\src\share\vm\interpreter\linkResolver.cpp, lin
Event: 5.507 Thread 0x0000000002cb5800 Exception <a 'java/lang/NoSuchMethodError': java.lang.Object.lambda$getResponseFunction$0(Lorg/openqa/selenium/remote/InitialHandshakeResponse;)Lorg/openqa/selenium/remote/ProtocolHandshake$Result;> (0x00000000d6d93d78) thrown at [C:\re\workspace\8-2-buil
Event: 5.551 Thread 0x0000000002cb5800 Exception <a 'java/net/SocketTimeoutException': Read timed out> (0x00000000d6f97d18) thrown at [C:\re\workspace\8-2-build-windows-amd64-cygwin\jdk8u152\9742\hotspot\src\share\vm\prims\jni.cpp, line 735]
Event: 6.686 Thread 0x0000000002cb5800 Exception <a 'java/net/SocketTimeoutException': Read timed out> (0x00000000d6fbcaf8) thrown at [C:\re\workspace\8-2-build-windows-amd64-cygwin\jdk8u152\9742\hotspot\src\share\vm\prims\jni.cpp, line 735]
Event: 7.035 Thread 0x0000000002cb5800 Exception <a 'java/net/SocketTimeoutException': Read timed out> (0x00000000d7937898) thrown at [C:\re\workspace\8-2-build-windows-amd64-cygwin\jdk8u152\9742\hotspot\src\share\vm\prims\jni.cpp, line 735]

Events (10 events):
Event: 12.068 loading class org/apache/xerces/util/SecurityManager
Event: 12.068 loading class org/apache/xerces/util/SecurityManager done
Event: 12.076 loading class org/apache/xerces/util/SecurityManager
Event: 12.076 loading class org/apache/xerces/util/SecurityManager done
Event: 12.104 loading class org/apache/xerces/util/SecurityManager
Event: 12.104 loading class org/apache/xerces/util/SecurityManager done
Event: 12.112 loading class org/apache/xerces/util/SecurityManager
Event: 12.112 loading class org/apache/xerces/util/SecurityManager done
Event: 12.123 loading class org/apache/xerces/util/SecurityManager
Event: 12.123 loading class org/apache/xerces/util/SecurityManager done


Dynamic libraries:
0x00007ff646960000 - 0x00007ff646997000 	C:\Program Files\Java\jdk1.8.0_152\bin\javaw.exe
0x00007ffa57800000 - 0x00007ffa579db000 	C:\WINDOWS\SYSTEM32\ntdll.dll
0x00007ffa55aa0000 - 0x00007ffa55b4e000 	C:\WINDOWS\System32\KERNEL32.DLL
0x00007ffa54b10000 - 0x00007ffa54d5a000 	C:\WINDOWS\System32\KERNELBASE.dll
0x00007ffa554a0000 - 0x00007ffa55541000 	C:\WINDOWS\System32\ADVAPI32.dll
0x00007ffa55060000 - 0x00007ffa550fd000 	C:\WINDOWS\System32\msvcrt.dll
0x00007ffa55da0000 - 0x00007ffa55df9000 	C:\WINDOWS\System32\sechost.dll
0x00007ffa551b0000 - 0x00007ffa552d5000 	C:\WINDOWS\System32\RPCRT4.dll
0x00007ffa552e0000 - 0x00007ffa5542a000 	C:\WINDOWS\System32\USER32.dll
0x00007ffa53e70000 - 0x00007ffa53e8e000 	C:\WINDOWS\System32\win32u.dll
0x00007ffa55a70000 - 0x00007ffa55a97000 	C:\WINDOWS\System32\GDI32.dll
0x00007ffa53e90000 - 0x00007ffa54018000 	C:\WINDOWS\System32\gdi32full.dll
0x00007ffa53dd0000 - 0x00007ffa53e6a000 	C:\WINDOWS\System32\msvcp_win.dll
0x00007ffa540d0000 - 0x00007ffa541c6000 	C:\WINDOWS\System32\ucrtbase.dll
0x00007ffa47ac0000 - 0x00007ffa47d27000 	C:\WINDOWS\WinSxS\amd64_microsoft.windows.common-controls_6595b64144ccf1df_6.0.15063.1689_none_40ca372b29a52649\COMCTL32.dll
0x00007ffa54d60000 - 0x00007ffa55056000 	C:\WINDOWS\System32\combase.dll
0x00007ffa54aa0000 - 0x00007ffa54b0a000 	C:\WINDOWS\System32\bcryptPrimitives.dll
0x00007ffa55d70000 - 0x00007ffa55d9d000 	C:\WINDOWS\System32\IMM32.DLL
0x000000006e350000 - 0x000000006e422000 	C:\Program Files\Java\jdk1.8.0_152\jre\bin\msvcr100.dll
0x000000006d080000 - 0x000000006d920000 	C:\Program Files\Java\jdk1.8.0_152\jre\bin\server\jvm.dll
0x00007ffa55d00000 - 0x00007ffa55d08000 	C:\WINDOWS\System32\PSAPI.DLL
0x00007ffa4a2a0000 - 0x00007ffa4a2a9000 	C:\WINDOWS\SYSTEM32\WSOCK32.dll
0x00007ffa55430000 - 0x00007ffa5549c000 	C:\WINDOWS\System32\WS2_32.dll
0x00007ffa50f20000 - 0x00007ffa50f43000 	C:\WINDOWS\SYSTEM32\WINMM.dll
0x00007ffa47a80000 - 0x00007ffa47a8a000 	C:\WINDOWS\SYSTEM32\VERSION.dll
0x00007ffa50ec0000 - 0x00007ffa50eeb000 	C:\WINDOWS\SYSTEM32\WINMMBASE.dll
0x00007ffa53d80000 - 0x00007ffa53dc9000 	C:\WINDOWS\System32\cfgmgr32.dll
0x000000006f800000 - 0x000000006f80f000 	C:\Program Files\Java\jdk1.8.0_152\jre\bin\verify.dll
0x000000006f4f0000 - 0x000000006f519000 	C:\Program Files\Java\jdk1.8.0_152\jre\bin\java.dll
0x000000006f4d0000 - 0x000000006f4e6000 	C:\Program Files\Java\jdk1.8.0_152\jre\bin\zip.dll
0x00007ffa55eb0000 - 0x00007ffa572e8000 	C:\WINDOWS\System32\SHELL32.dll
0x00007ffa55e00000 - 0x00007ffa55eaa000 	C:\WINDOWS\System32\shcore.dll
0x00007ffa543a0000 - 0x00007ffa54a91000 	C:\WINDOWS\System32\windows.storage.dll
0x00007ffa55b50000 - 0x00007ffa55ba1000 	C:\WINDOWS\System32\shlwapi.dll
0x00007ffa53c70000 - 0x00007ffa53c81000 	C:\WINDOWS\System32\kernel.appcore.dll
0x00007ffa53c90000 - 0x00007ffa53cdc000 	C:\WINDOWS\System32\powrprof.dll
0x00007ffa53d00000 - 0x00007ffa53d15000 	C:\WINDOWS\System32\profapi.dll
0x000000006f4b0000 - 0x000000006f4ca000 	C:\Program Files\Java\jdk1.8.0_152\jre\bin\net.dll
0x00007ffa53570000 - 0x00007ffa535cc000 	C:\WINDOWS\system32\mswsock.dll
0x00007ffa53360000 - 0x00007ffa53404000 	C:\WINDOWS\SYSTEM32\DNSAPI.dll
0x00007ffa55100000 - 0x00007ffa55108000 	C:\WINDOWS\System32\NSI.dll
0x00007ffa53310000 - 0x00007ffa53347000 	C:\WINDOWS\SYSTEM32\IPHLPAPI.DLL
0x00007ffa45650000 - 0x00007ffa4565a000 	C:\Windows\System32\rasadhlp.dll
0x00007ffa48c90000 - 0x00007ffa48cfb000 	C:\WINDOWS\System32\fwpuclnt.dll
0x00007ffa53820000 - 0x00007ffa53845000 	C:\WINDOWS\SYSTEM32\bcrypt.dll
0x00007ffa53710000 - 0x00007ffa53727000 	C:\WINDOWS\SYSTEM32\CRYPTSP.dll
0x00007ffa53190000 - 0x00007ffa531c4000 	C:\WINDOWS\system32\rsaenh.dll
0x00007ffa53b70000 - 0x00007ffa53b99000 	C:\WINDOWS\SYSTEM32\USERENV.dll
0x00007ffa53730000 - 0x00007ffa5373b000 	C:\WINDOWS\SYSTEM32\CRYPTBASE.dll
0x00007ffa485d0000 - 0x00007ffa485e6000 	C:\WINDOWS\SYSTEM32\dhcpcsvc6.DLL
0x00007ffa48580000 - 0x00007ffa4859a000 	C:\WINDOWS\SYSTEM32\dhcpcsvc.DLL
0x000000006f140000 - 0x000000006f151000 	C:\Program Files\Java\jdk1.8.0_152\jre\bin\nio.dll
0x000000006f820000 - 0x000000006f844000 	C:\Program Files\Java\jdk1.8.0_152\jre\bin\sunec.dll
0x000000006f810000 - 0x000000006f81b000 	C:\Program Files\Java\jdk1.8.0_152\jre\bin\sunmscapi.dll
0x00007ffa541d0000 - 0x00007ffa54399000 	C:\WINDOWS\System32\CRYPT32.dll
0x00007ffa53ce0000 - 0x00007ffa53cf1000 	C:\WINDOWS\System32\MSASN1.dll

VM Arguments:
jvm_args: -ea -Dfile.encoding=Cp1252 
java_command: org.testng.remote.RemoteTestNG -serport 52646 -protocol json -d C:\Users\rahgangw\eclipse-workspace\FCAtest\test-output C:\Users\rahgangw\AppData\Local\Temp\testng-eclipse--1113212903\testng-customsuite.xml
java_class_path (initial): C:\Users\rahgangw\eclipse\jee-oxygen\eclipse\configuration\org.eclipse.osgi\2123\0\.cp\lib\testng-remote.jar;C:\Program Files\Java\jdk1.8.0_152\jre\lib\resources.jar;C:\Program Files\Java\jdk1.8.0_152\jre\lib\rt.jar;C:\Program Files\Java\jdk1.8.0_152\jre\lib\jsse.jar;C:\Program Files\Java\jdk1.8.0_152\jre\lib\jce.jar;C:\Program Files\Java\jdk1.8.0_152\jre\lib\charsets.jar;C:\Program Files\Java\jdk1.8.0_152\jre\lib\jfr.jar;C:\Program Files\Java\jdk1.8.0_152\jre\lib\ext\access-bridge-64.jar;C:\Program Files\Java\jdk1.8.0_152\jre\lib\ext\cldrdata.jar;C:\Program Files\Java\jdk1.8.0_152\jre\lib\ext\dnsns.jar;C:\Program Files\Java\jdk1.8.0_152\jre\lib\ext\jaccess.jar;C:\Program Files\Java\jdk1.8.0_152\jre\lib\ext\jfxrt.jar;C:\Program Files\Java\jdk1.8.0_152\jre\lib\ext\localedata.jar;C:\Program Files\Java\jdk1.8.0_152\jre\lib\ext\nashorn.jar;C:\Program Files\Java\jdk1.8.0_152\jre\lib\ext\sunec.jar;C:\Program Files\Java\jdk1.8.0_152\jre\lib\ext\sunjce_provider.jar;C:\Program Files\Java\jdk1.8.0_152\jre\lib\ext\sunmscapi.jar;C:\Program Files\Java\jdk1.8.0_152\jre\lib\ext\sunpkcs11.jar;C:\Program Files\Java\jdk1.8.0_152\jre\lib\ext\zipfs.jar;C:\Users\rahgangw\eclipse-workspace\FCAtest\target\test-classes;C:\Users\rahgangw\eclipse-workspace\FCAtest\target\classes;C:\Users\rahgangw\.m2\repository\junit\junit\4.12\junit-4.12.jar;C:\Users\rahgangw\.m2\repository\javax\activation\activation\1.1.1\activation-1.1.1.jar;C:\Users\rahgangw\.m2\repository\commons-codec\commons-codec\1.12\commons-codec-1.12.jar;C:\Users\rahgangw\.m2\repository\org\apache\commons\commons-collections4\4.3\commons-collections4-4.3.jar;C:\Users\rahgangw\.m2\repository\org\apache\commons\commons-compress\1.18\commons-compress-1.18.jar;C:\Users\rahgangw\.m2\repository\commons-logging\commons-logging\1.2\commons-logging-1.2.jar;C:\Users\rahgangw\.m2\repository\org\apache\commons\commons-math3\3.6.1\commons-math3-3.6.1.jar;C:\Users\rahgangw\.m2\repository\javax\xml\bind\jaxb-api\2.3
Launcher Type: SUN_STANDARD

Environment Variables:
JAVA_HOME=C:\Program Files\Java\jdk1.8.0_152
PATH=C:/Program Files/Java/jdk1.8.0_152/bin/../jre/bin/server;C:/Program Files/Java/jdk1.8.0_152/bin/../jre/bin;C:/Program Files/Java/jdk1.8.0_152/bin/../jre/lib/amd64;C:\Program Files (x86)\Intel\iCLS Client\;C:\Program Files\Intel\iCLS Client\;C:\WINDOWS\system32;C:\WINDOWS;C:\WINDOWS\System32\Wbem;C:\WINDOWS\System32\WindowsPowerShell\v1.0\;C:\Program Files\Microsoft SQL Server\130\Tools\Binn\;D:\Selenium\XSLT Reports\apache-ant-1.10.1\bin;D:\Selenium\Apache Maven\apache-maven-3.5.0\bin;D:\Android sdk tools\android-sdk-windows\tools;D:\Android sdk tools\android-sdk-windows\platform-tools;C:\Program Files (x86)\Box\Box Edit\;C:\curl;C:\Program Files (x86)\Intel\Intel(R) Management Engine Components\DAL;C:\Program Files\Intel\Intel(R) Management Engine Components\DAL;C:\Program Files (x86)\Intel\Intel(R) Management Engine Components\IPT;C:\Program Files\Intel\Intel(R) Management Engine Components\IPT;C:\Program Files\Java\jdk1.8.0_152\bin;C:\Program Files\Intel\WiFi\bin\;C:\Program Files\Common Files\Intel\WirelessCommon\;C:\Program Files\nodejs\;C:\Users\rahgangw\AppData\Local\Microsoft\WindowsApps;C:\Program Files\Java\jdk1.8.0_152\bin;D:\android-sdk\tools;D:\android-sdk\tools\bin;C:\Users\rahgangw\AppData\Roaming\npm;D:\android-sdk\platform-tools;C:\apache-maven-3.6.1-bin\apache-maven-3.6.1\bin;;C:\Users\rahgangw\eclipse\jee-oxygen\eclipse;
USERNAME=rahgangw
OS=Windows_NT
PROCESSOR_IDENTIFIER=Intel64 Family 6 Model 78 Stepping 3, GenuineIntel



---------------  S Y S T E M  ---------------

OS: Windows 10.0 , 64 bit Build 15063 (10.0.15063.1689)

CPU:total 4 (initial active 4) (2 cores per cpu, 2 threads per core) family 6 model 78 stepping 3, cmov, cx8, fxsr, mmx, sse, sse2, sse3, ssse3, sse4.1, sse4.2, popcnt, avx, avx2, aes, clmul, erms, rtm, 3dnowpref, lzcnt, ht, tsc, tscinvbit, bmi1, bmi2, adx

Memory: 4k page, physical 8240760k(1807648k free), swap 8958428k(2088k free)

vm_info: Java HotSpot(TM) 64-Bit Server VM (25.152-b16) for windows-amd64 JRE (1.8.0_152-b16), built on Sep 14 2017 02:29:36 by "java_re" with MS VC++ 10.0 (VS2010)

time: Thu Aug 22 14:13:53 2019
elapsed time: 12 seconds (0d 0h 0m 12s)

